<?xml version="1.0" encoding="UTF-8"?>
<!-- Generated by org.testng.reporters.JUnitReportReporter -->
<testsuite skipped="0" hostname="DESKTOP-C4DB2QQ" name="EndToEndTest.EndToEndTest" tests="1" failures="0" timestamp="20 Jul 2023 04:01:20 GMT" time="1.614" errors="0">
  <testcase name="EndToEndTest1" time="1.614" classname="EndToEndTest.EndToEndTest"/>
</testsuite> <!-- EndToEndTest.EndToEndTest -->
